Collecting numpy
  Using cached numpy-1.24.4-cp38-cp38-manylinux_2_17_x86_64.manylinux2014_x86_64.whl (17.3 MB)
Collecting matplotlib
  Using cached matplotlib-3.7.5-cp38-cp38-manylinux_2_12_x86_64.manylinux2010_x86_64.whl (9.2 MB)
Collecting gym
  Using cached gym-0.26.2-py3-none-any.whl
Collecting pyvirtualdisplay
  Using cached PyVirtualDisplay-3.0-py3-none-any.whl (15 kB)
Collecting kiwisolver>=1.0.1
  Using cached kiwisolver-1.4.5-cp38-cp38-manylinux_2_5_x86_64.manylinux1_x86_64.whl (1.2 MB)
Collecting pyparsing>=2.3.1
  Using cached pyparsing-3.1.2-py3-none-any.whl (103 kB)
Collecting packaging>=20.0
  Using cached packaging-24.0-py3-none-any.whl (53 kB)
Collecting pillow>=6.2.0
  Using cached pillow-10.2.0-cp38-cp38-manylinux_2_28_x86_64.whl (4.5 MB)
Collecting contourpy>=1.0.1
  Using cached contourpy-1.1.1-cp38-cp38-manylinux_2_17_x86_64.manylinux2014_x86_64.whl (301 kB)
Collecting importlib-resources>=3.2.0
  Using cached importlib_resources-6.4.0-py3-none-any.whl (38 kB)
Collecting cycler>=0.10
  Using cached cycler-0.12.1-py3-none-any.whl (8.3 kB)
Collecting fonttools>=4.22.0
  Using cached fonttools-4.50.0-cp38-cp38-manylinux_2_17_x86_64.manylinux2014_x86_64.whl (4.7 MB)
Collecting python-dateutil>=2.7
  Using cached python_dateutil-2.9.0.post0-py2.py3-none-any.whl (229 kB)
Collecting zipp>=3.1.0
  Using cached zipp-3.18.1-py3-none-any.whl (8.2 kB)
Collecting six>=1.5
  Using cached six-1.16.0-py2.py3-none-any.whl (11 kB)
Collecting gym-notices>=0.0.4
  Using cached gym_notices-0.0.8-py3-none-any.whl (3.0 kB)
Collecting importlib-metadata>=4.8.0
  Using cached importlib_metadata-7.1.0-py3-none-any.whl (24 kB)
Collecting cloudpickle>=1.2.0
  Using cached cloudpickle-3.0.0-py3-none-any.whl (20 kB)
Installing collected packages: zipp, six, numpy, python-dateutil, pyparsing, pillow, packaging, kiwisolver, importlib-resources, importlib-metadata, gym-notices, fonttools, cycler, contourpy, cloudpickle, pyvirtualdisplay, matplotlib, gym
Successfully installed cloudpickle-3.0.0 contourpy-1.1.1 cycler-0.12.1 fonttools-4.50.0 gym-0.26.2 gym-notices-0.0.8 importlib-metadata-7.1.0 importlib-resources-6.4.0 kiwisolver-1.4.5 matplotlib-3.7.5 numpy-1.24.4 packaging-24.0 pillow-10.2.0 pyparsing-3.1.2 python-dateutil-2.9.0.post0 pyvirtualdisplay-3.0 six-1.16.0 zipp-3.18.1
WARNING: You are using pip version 21.1.1; however, version 24.0 is available.
You should consider upgrading via the '/home2/cgmj52/ReinforcementLearning/RL_Kernel/bin/python3 -m pip install --upgrade pip' command.
Collecting torch
  Using cached torch-2.2.1-cp38-cp38-manylinux1_x86_64.whl (755.5 MB)
Collecting torchvision
  Using cached torchvision-0.17.1-cp38-cp38-manylinux1_x86_64.whl (6.9 MB)
Collecting nvidia-cusolver-cu12==11.4.5.107
  Using cached nvidia_cusolver_cu12-11.4.5.107-py3-none-manylinux1_x86_64.whl (124.2 MB)
Collecting jinja2
  Using cached Jinja2-3.1.3-py3-none-any.whl (133 kB)
Collecting nvidia-cublas-cu12==12.1.3.1
  Using cached nvidia_cublas_cu12-12.1.3.1-py3-none-manylinux1_x86_64.whl (410.6 MB)
Collecting nvidia-cuda-runtime-cu12==12.1.105
  Using cached nvidia_cuda_runtime_cu12-12.1.105-py3-none-manylinux1_x86_64.whl (823 kB)
Collecting filelock
  Downloading filelock-3.13.3-py3-none-any.whl (11 kB)
Collecting nvidia-cusparse-cu12==12.1.0.106
  Using cached nvidia_cusparse_cu12-12.1.0.106-py3-none-manylinux1_x86_64.whl (196.0 MB)
Collecting nvidia-cuda-nvrtc-cu12==12.1.105
  Using cached nvidia_cuda_nvrtc_cu12-12.1.105-py3-none-manylinux1_x86_64.whl (23.7 MB)
Collecting typing-extensions>=4.8.0
  Using cached typing_extensions-4.10.0-py3-none-any.whl (33 kB)
Collecting nvidia-nccl-cu12==2.19.3
  Using cached nvidia_nccl_cu12-2.19.3-py3-none-manylinux1_x86_64.whl (166.0 MB)
Collecting triton==2.2.0
  Using cached triton-2.2.0-cp38-cp38-manylinux_2_17_x86_64.manylinux2014_x86_64.whl (167.9 MB)
Collecting nvidia-cuda-cupti-cu12==12.1.105
  Using cached nvidia_cuda_cupti_cu12-12.1.105-py3-none-manylinux1_x86_64.whl (14.1 MB)
Collecting networkx
  Using cached networkx-3.1-py3-none-any.whl (2.1 MB)
Collecting nvidia-curand-cu12==10.3.2.106
  Using cached nvidia_curand_cu12-10.3.2.106-py3-none-manylinux1_x86_64.whl (56.5 MB)
Collecting sympy
  Using cached sympy-1.12-py3-none-any.whl (5.7 MB)
Collecting nvidia-nvtx-cu12==12.1.105
  Using cached nvidia_nvtx_cu12-12.1.105-py3-none-manylinux1_x86_64.whl (99 kB)
Collecting fsspec
  Using cached fsspec-2024.3.1-py3-none-any.whl (171 kB)
Collecting nvidia-cudnn-cu12==8.9.2.26
  Using cached nvidia_cudnn_cu12-8.9.2.26-py3-none-manylinux1_x86_64.whl (731.7 MB)
Collecting nvidia-cufft-cu12==11.0.2.54
  Using cached nvidia_cufft_cu12-11.0.2.54-py3-none-manylinux1_x86_64.whl (121.6 MB)
Collecting nvidia-nvjitlink-cu12
  Using cached nvidia_nvjitlink_cu12-12.4.99-py3-none-manylinux2014_x86_64.whl (21.1 MB)
Requirement already satisfied: pillow!=8.3.*,>=5.3.0 in ./RL_Kernel/lib/python3.8/site-packages (from torchvision) (10.2.0)
Requirement already satisfied: numpy in ./RL_Kernel/lib/python3.8/site-packages (from torchvision) (1.24.4)
Collecting MarkupSafe>=2.0
  Using cached MarkupSafe-2.1.5-cp38-cp38-manylinux_2_17_x86_64.manylinux2014_x86_64.whl (26 kB)
Collecting mpmath>=0.19
  Using cached mpmath-1.3.0-py3-none-any.whl (536 kB)
Installing collected packages: nvidia-nvjitlink-cu12, nvidia-cusparse-cu12, nvidia-cublas-cu12, mpmath, MarkupSafe, filelock, typing-extensions, triton, sympy, nvidia-nvtx-cu12, nvidia-nccl-cu12, nvidia-cusolver-cu12, nvidia-curand-cu12, nvidia-cufft-cu12, nvidia-cudnn-cu12, nvidia-cuda-runtime-cu12, nvidia-cuda-nvrtc-cu12, nvidia-cuda-cupti-cu12, networkx, jinja2, fsspec, torch, torchvision
